This file contains any messages produced by compilers while
running configure, to aid debugging if configure makes a mistake.

It was created by multicore-hashjoins configure 0.1, which was
generated by GNU Autoconf 2.71.  Invocation command line was

  $ /home/wzj/memory-database/multicore-hashjoins-0.1/configure

## --------- ##
## Platform. ##
## --------- ##

hostname = cds22
uname -m = x86_64
uname -r = 5.15.0-131-generic
uname -s = Linux
uname -v = #141-Ubuntu SMP Fri Jan 10 21:18:28 UTC 2025

/usr/bin/uname -p = x86_64
/bin/uname -X     = unknown

/bin/arch              = x86_64
/usr/bin/arch -k       = unknown
/usr/convex/getsysinfo = unknown
/usr/bin/hostinfo      = unknown
/bin/machine           = unknown
/usr/bin/oslevel       = unknown
/bin/universe          = unknown

PATH: /home/wzj/.local/bin/
PATH: /usr/local/sbin/
PATH: /usr/local/bin/
PATH: /usr/sbin/
PATH: /usr/bin/
PATH: /sbin/
PATH: /bin/
PATH: /usr/games/
PATH: /usr/local/games/
PATH: /snap/bin/
PATH: /home/wzj/.cache/JetBrains/RemoteDev/dist/054eff2dcdb77_CLion-2024.3.1.1/bin/ninja/linux/x64/


## ----------- ##
## Core tests. ##
## ----------- ##

configure:2776: looking for aux files: config.guess config.sub compile missing install-sh
configure:2789:  trying /home/wzj/memory-database/multicore-hashjoins-0.1/
configure:2818:   /home/wzj/memory-database/multicore-hashjoins-0.1/config.guess found
configure:2818:   /home/wzj/memory-database/multicore-hashjoins-0.1/config.sub found
configure:2818:   /home/wzj/memory-database/multicore-hashjoins-0.1/compile found
configure:2818:   /home/wzj/memory-database/multicore-hashjoins-0.1/missing found
configure:2800:   /home/wzj/memory-database/multicore-hashjoins-0.1/install-sh found
configure:2947: checking for a BSD-compatible install
configure:3020: result: /usr/bin/install -c
configure:3031: checking whether build environment is sane
configure:3086: result: yes
configure:3245: checking for a race-free mkdir -p
configure:3289: result: /usr/bin/mkdir -p
configure:3296: checking for gawk
configure:3317: found /usr/bin/gawk
configure:3328: result: gawk
configure:3339: checking whether /usr/bin/gmake sets $(MAKE)
configure:3362: result: yes
configure:3392: checking whether /usr/bin/gmake supports nested variables
configure:3410: result: yes
configure:3427: error: source directory already configured; run "make distclean" there first

## ---------------- ##
## Cache variables. ##
## ---------------- ##

ac_cv_env_CCC_set=
ac_cv_env_CCC_value=
ac_cv_env_CC_set=set
ac_cv_env_CC_value=/usr/bin/gcc
ac_cv_env_CFLAGS_set=
ac_cv_env_CFLAGS_value=
ac_cv_env_CPPFLAGS_set=
ac_cv_env_CPPFLAGS_value=
ac_cv_env_CXXFLAGS_set=
ac_cv_env_CXXFLAGS_value=
ac_cv_env_CXX_set=set
ac_cv_env_CXX_value=/usr/bin/g++
ac_cv_env_LDFLAGS_set=
ac_cv_env_LDFLAGS_value=
ac_cv_env_LIBS_set=
ac_cv_env_LIBS_value=
ac_cv_env_build_alias_set=
ac_cv_env_build_alias_value=
ac_cv_env_host_alias_set=
ac_cv_env_host_alias_value=
ac_cv_env_target_alias_set=
ac_cv_env_target_alias_value=
ac_cv_path_install='/usr/bin/install -c'
ac_cv_path_mkdir=/usr/bin/mkdir
ac_cv_prog_AWK=gawk
ac_cv_prog_make__usr_bin_gmake_set=yes
am_cv_make_support_nested_variables=yes

## ----------------- ##
## Output variables. ##
## ----------------- ##

ACLOCAL=''
AMDEPBACKSLASH=''
AMDEP_FALSE=''
AMDEP_TRUE=''
AMTAR=''
AM_BACKSLASH='\'
AM_DEFAULT_V='$(AM_DEFAULT_VERBOSITY)'
AM_DEFAULT_VERBOSITY='1'
AM_V='$(V)'
AUTOCONF=''
AUTOHEADER=''
AUTOMAKE=''
AWK='gawk'
CC='/usr/bin/gcc'
CCDEPMODE=''
CFLAGS=''
CPPFLAGS=''
CSCOPE=''
CTAGS=''
CXX='/usr/bin/g++'
CXXDEPMODE=''
CXXFLAGS=''
CYGPATH_W=''
DEBUG_FALSE=''
DEBUG_TRUE=''
DEFS=''
DEPDIR=''
ECHO_C=''
ECHO_N='-n'
ECHO_T=''
ETAGS=''
EXEEXT=''
INSTALL_DATA='${INSTALL} -m 644'
INSTALL_PROGRAM='${INSTALL}'
INSTALL_SCRIPT='${INSTALL}'
INSTALL_STRIP_PROGRAM='$(install_sh) -c -s'
KEY_8B_FALSE=''
KEY_8B_TRUE=''
LDFLAGS=''
LIBOBJS=''
LIBS=''
LTLIBOBJS=''
MAKEINFO=''
MKDIR_P='/usr/bin/mkdir -p'
NOTIMING_FALSE=''
NOTIMING_TRUE=''
OBJEXT=''
PACKAGE=''
PACKAGE_BUGREPORT='cagri.balkesen@inf.ethz.ch'
PACKAGE_NAME='multicore-hashjoins'
PACKAGE_STRING='multicore-hashjoins 0.1'
PACKAGE_TARNAME='multicore-hashjoins'
PACKAGE_URL=''
PACKAGE_VERSION='0.1'
PADDEDBUCKET_FALSE=''
PADDEDBUCKET_TRUE=''
PATH_SEPARATOR=':'
PERF_COUNTERS_FALSE=''
PERF_COUNTERS_TRUE=''
PREFETCH_NPJ_FALSE=''
PREFETCH_NPJ_TRUE=''
SET_MAKE=''
SHELL='/bin/bash'
SKEW_HANDLING_FALSE=''
SKEW_HANDLING_TRUE=''
STRIP=''
SYNCSTATS_FALSE=''
SYNCSTATS_TRUE=''
USE_SWWC_OPTIMIZED_PART_FALSE=''
USE_SWWC_OPTIMIZED_PART_TRUE=''
VERSION=''
ac_ct_CC=''
ac_ct_CXX=''
am__EXEEXT_FALSE=''
am__EXEEXT_TRUE=''
am__fastdepCC_FALSE=''
am__fastdepCC_TRUE=''
am__fastdepCXX_FALSE=''
am__fastdepCXX_TRUE=''
am__include=''
am__isrc=' -I$(srcdir)'
am__leading_dot='.'
am__nodep=''
am__quote=''
am__tar=''
am__untar=''
bindir='${exec_prefix}/bin'
build=''
build_alias=''
build_cpu=''
build_os=''
build_vendor=''
datadir='${datarootdir}'
datarootdir='${prefix}/share'
docdir='${datarootdir}/doc/${PACKAGE_TARNAME}'
dvidir='${docdir}'
exec_prefix='NONE'
host=''
host_alias=''
host_cpu=''
host_os=''
host_vendor=''
htmldir='${docdir}'
includedir='${prefix}/include'
infodir='${datarootdir}/info'
install_sh='${SHELL} /home/wzj/memory-database/multicore-hashjoins-0.1/install-sh'
libdir='${exec_prefix}/lib'
libexecdir='${exec_prefix}/libexec'
localedir='${datarootdir}/locale'
localstatedir='${prefix}/var'
mandir='${datarootdir}/man'
mkdir_p=''
oldincludedir='/usr/include'
pdfdir='${docdir}'
prefix='NONE'
program_transform_name='s,x,x,'
psdir='${docdir}'
runstatedir='${localstatedir}/run'
sbindir='${exec_prefix}/sbin'
sharedstatedir='${prefix}/com'
sysconfdir='${prefix}/etc'
target_alias=''

## ----------- ##
## confdefs.h. ##
## ----------- ##

/* confdefs.h */
#define PACKAGE_NAME "multicore-hashjoins"
#define PACKAGE_TARNAME "multicore-hashjoins"
#define PACKAGE_VERSION "0.1"
#define PACKAGE_STRING "multicore-hashjoins 0.1"
#define PACKAGE_BUGREPORT "cagri.balkesen@inf.ethz.ch"
#define PACKAGE_URL ""

configure: exit 1
