PROBE_BUFFER_SIZE: 2, TOTAL-TIME-USECS: 231188.0000, TOTAL_MEM_USE_MB: 3541, MEM_UTILIZATION: 0.578
PROBE_BUFFER_SIZE: 4, TOTAL-TIME-USECS: 232359.0000, TOTAL_MEM_USE_MB: 3755, MEM_UTILIZATION: 0.545
PROBE_BUFFER_SIZE: 8, TOTAL-TIME-USECS: 259842.0000, TOTAL_MEM_USE_MB: 3702, MEM_UTILIZATION: 0.553
PROBE_BUFFER_SIZE: 16, TOTAL-TIME-USECS: 228031.0000, TOTAL_MEM_USE_MB: 3426, MEM_UTILIZATION: 0.597
PROBE_BUFFER_SIZE: 32, TOTAL-TIME-USECS: 226920.0000, TOTAL_MEM_USE_MB: 3728, MEM_UTILIZATION: 0.549
PROBE_BUFFER_SIZE: 64, TOTAL-TIME-USECS: 239585.0000, TOTAL_MEM_USE_MB: 3667, MEM_UTILIZATION: 0.558
PROBE_BUFFER_SIZE: 128, TOTAL-TIME-USECS: 237295.0000, TOTAL_MEM_USE_MB: 3678, MEM_UTILIZATION: 0.556
PROBE_BUFFER_SIZE: 256, TOTAL-TIME-USECS: 233403.0000, TOTAL_MEM_USE_MB: 3477, MEM_UTILIZATION: 0.589

PROBE_BUFFER_SIZE: 2, TOTAL-TIME-USECS: 258001.0000, TOTAL_MEM_USE_MB: 3566, MEM_UTILIZATION: 0.574
PROBE_BUFFER_SIZE: 4, TOTAL-TIME-USECS: 227735.0000, TOTAL_MEM_USE_MB: 3419, MEM_UTILIZATION: 0.599
PROBE_BUFFER_SIZE: 8, TOTAL-TIME-USECS: 240795.0000, TOTAL_MEM_USE_MB: 3629, MEM_UTILIZATION: 0.564
PROBE_BUFFER_SIZE: 16, TOTAL-TIME-USECS: 246898.0000, TOTAL_MEM_USE_MB: 3779, MEM_UTILIZATION: 0.541
PROBE_BUFFER_SIZE: 32, TOTAL-TIME-USECS: 256344.0000, TOTAL_MEM_USE_MB: 3713, MEM_UTILIZATION: 0.551
PROBE_BUFFER_SIZE: 64, TOTAL-TIME-USECS: 231429.0000, TOTAL_MEM_USE_MB: 3703, MEM_UTILIZATION: 0.553
PROBE_BUFFER_SIZE: 128, TOTAL-TIME-USECS: 232032.0000, TOTAL_MEM_USE_MB: 3745, MEM_UTILIZATION: 0.546
PROBE_BUFFER_SIZE: 256, TOTAL-TIME-USECS: 210512.0000, TOTAL_MEM_USE_MB: 3544, MEM_UTILIZATION: 0.577
PROBE_BUFFER_SIZE: 512, TOTAL-TIME-USECS: 243501.0000, TOTAL_MEM_USE_MB: 3742, MEM_UTILIZATION: 0.547
PROBE_BUFFER_SIZE: 1024, TOTAL-TIME-USECS: 224493.0000, TOTAL_MEM_USE_MB: 3653, MEM_UTILIZATION: 0.560

PROBE_BUFFER_SIZE: 2, TOTAL-TIME-USECS: 259758.0000, TOTAL_MEM_USE_MB: 3749, MEM_UTILIZATION: 0.546
PROBE_BUFFER_SIZE: 4, TOTAL-TIME-USECS: 228727.0000, TOTAL_MEM_USE_MB: 3754, MEM_UTILIZATION: 0.545
PROBE_BUFFER_SIZE: 8, TOTAL-TIME-USECS: 214578.0000, TOTAL_MEM_USE_MB: 3764, MEM_UTILIZATION: 0.544
PROBE_BUFFER_SIZE: 16, TOTAL-TIME-USECS: 229426.0000, TOTAL_MEM_USE_MB: 3753, MEM_UTILIZATION: 0.545
PROBE_BUFFER_SIZE: 32, TOTAL-TIME-USECS: 215132.0000, TOTAL_MEM_USE_MB: 3746, MEM_UTILIZATION: 0.546
PROBE_BUFFER_SIZE: 64, TOTAL-TIME-USECS: 239902.0000, TOTAL_MEM_USE_MB: 3740, MEM_UTILIZATION: 0.547
PROBE_BUFFER_SIZE: 128, TOTAL-TIME-USECS: 285866.0000, TOTAL_MEM_USE_MB: 3703, MEM_UTILIZATION: 0.553
PROBE_BUFFER_SIZE: 256, TOTAL-TIME-USECS: 221831.0000, TOTAL_MEM_USE_MB: 3761, MEM_UTILIZATION: 0.544
PROBE_BUFFER_SIZE: 512, TOTAL-TIME-USECS: 220526.0000, TOTAL_MEM_USE_MB: 3777, MEM_UTILIZATION: 0.542
PROBE_BUFFER_SIZE: 1024, TOTAL-TIME-USECS: 225262.0000, TOTAL_MEM_USE_MB: 3766, MEM_UTILIZATION: 0.543
PROBE_BUFFER_SIZE: 2048, TOTAL-TIME-USECS: 210979.0000, TOTAL_MEM_USE_MB: 3761, MEM_UTILIZATION: 0.544
PROBE_BUFFER_SIZE: 4096, TOTAL-TIME-USECS: 247057.0000, TOTAL_MEM_USE_MB: 3734, MEM_UTILIZATION: 0.548
PROBE_BUFFER_SIZE: 8192, TOTAL-TIME-USECS: 225307.0000, TOTAL_MEM_USE_MB: 3735, MEM_UTILIZATION: 0.548
