This file contains any messages produced by compilers while
running configure, to aid debugging if configure makes a mistake.

It was created by sort-merge-joins configure 1.4, which was
generated by GNU Autoconf 2.69.  Invocation command line was

  $ ./configure 

## --------- ##
## Platform. ##
## --------- ##

hostname = cds22
uname -m = x86_64
uname -r = 5.15.0-131-generic
uname -s = Linux
uname -v = #141-Ubuntu SMP Fri Jan 10 21:18:28 UTC 2025

/usr/bin/uname -p = x86_64
/bin/uname -X     = unknown

/bin/arch              = x86_64
/usr/bin/arch -k       = unknown
/usr/convex/getsysinfo = unknown
/usr/bin/hostinfo      = unknown
/bin/machine           = unknown
/usr/bin/oslevel       = unknown
/bin/universe          = unknown

PATH: /home/wzj/opt/hive/bin
PATH: /usr/lib/jvm/java-1.17.0-openjdk-amd64/bin
PATH: /home/wzj/opt/etcd-v3.3.4-linux-amd64-bin
PATH: /home/wzj/opt/mysql-8.2.0/bin
PATH: /home/wzj/opt/apache-maven-3.9.9/bin
PATH: /home/wzj/.vscode-server/cli/servers/Stable-ddc367ed5c8936efe395cffeec279b04ffd7db78/server/bin/remote-cli
PATH: /home/wzj/.local/bin
PATH: /home/wzj/opt/hive/bin
PATH: /usr/lib/jvm/java-1.17.0-openjdk-amd64/bin
PATH: /home/wzj/opt/etcd-v3.3.4-linux-amd64-bin
PATH: /home/wzj/opt/mysql-8.2.0/bin
PATH: /home/wzj/opt/apache-maven-3.9.9/bin
PATH: /home/wzj/.local/bin
PATH: /usr/local/sbin
PATH: /usr/local/bin
PATH: /usr/sbin
PATH: /usr/bin
PATH: /sbin
PATH: /bin
PATH: /usr/games
PATH: /usr/local/games
PATH: /snap/bin
PATH: /home/wzj/opt/hadoop/bin
PATH: /home/wzj/opt/hadoop/bin


## ----------- ##
## Core tests. ##
## ----------- ##

configure:2457: checking for a BSD-compatible install
configure:2525: result: /usr/bin/install -c
configure:2536: checking whether build environment is sane
configure:2591: result: yes
configure:2742: checking for a thread-safe mkdir -p
configure:2781: result: /usr/bin/mkdir -p
configure:2788: checking for gawk
configure:2804: found /usr/bin/gawk
configure:2815: result: gawk
configure:2826: checking whether make sets $(MAKE)
configure:2848: result: yes
configure:2877: checking whether make supports nested variables
configure:2894: result: yes
configure:3028: checking for gcc
configure:3044: found /usr/bin/gcc
configure:3055: result: gcc
configure:3284: checking for C compiler version
configure:3293: gcc --version >&5
gcc (Ubuntu 11.4.0-1ubuntu1~22.04) 11.4.0
Copyright (C) 2021 Free Software Foundation, Inc.
This is free software; see the source for copying conditions.  There is NO
warranty; not even for MERCHANTABILITY or FITNESS FOR A PARTICULAR PURPOSE.

configure:3304: $? = 0
configure:3293: gcc -v >&5
Using built-in specs.
COLLECT_GCC=gcc
COLLECT_LTO_WRAPPER=/usr/lib/gcc/x86_64-linux-gnu/11/lto-wrapper
OFFLOAD_TARGET_NAMES=nvptx-none:amdgcn-amdhsa
OFFLOAD_TARGET_DEFAULT=1
Target: x86_64-linux-gnu
Configured with: ../src/configure -v --with-pkgversion='Ubuntu 11.4.0-1ubuntu1~22.04' --with-bugurl=file:///usr/share/doc/gcc-11/README.Bugs --enable-languages=c,ada,c++,go,brig,d,fortran,objc,obj-c++,m2 --prefix=/usr --with-gcc-major-version-only --program-suffix=-11 --program-prefix=x86_64-linux-gnu- --enable-shared --enable-linker-build-id --libexecdir=/usr/lib --without-included-gettext --enable-threads=posix --libdir=/usr/lib --enable-nls --enable-bootstrap --enable-clocale=gnu --enable-libstdcxx-debug --enable-libstdcxx-time=yes --with-default-libstdcxx-abi=new --enable-gnu-unique-object --disable-vtable-verify --enable-plugin --enable-default-pie --with-system-zlib --enable-libphobos-checking=release --with-target-system-zlib=auto --enable-objc-gc=auto --enable-multiarch --disable-werror --enable-cet --with-arch-32=i686 --with-abi=m64 --with-multilib-list=m32,m64,mx32 --enable-multilib --with-tune=generic --enable-offload-targets=nvptx-none=/build/gcc-11-XeT9lY/gcc-11-11.4.0/debian/tmp-nvptx/usr,amdgcn-amdhsa=/build/gcc-11-XeT9lY/gcc-11-11.4.0/debian/tmp-gcn/usr --without-cuda-driver --enable-checking=release --build=x86_64-linux-gnu --host=x86_64-linux-gnu --target=x86_64-linux-gnu --with-build-config=bootstrap-lto-lean --enable-link-serialization=2
Thread model: posix
Supported LTO compression algorithms: zlib zstd
gcc version 11.4.0 (Ubuntu 11.4.0-1ubuntu1~22.04) 
... rest of stderr output deleted ...
configure:3304: $? = 0
configure:3293: gcc -V >&5
gcc: error: unrecognized command-line option '-V'
gcc: fatal error: no input files
compilation terminated.
configure:3304: $? = 1
configure:3293: gcc -qversion >&5
gcc: error: unrecognized command-line option '-qversion'; did you mean '--version'?
gcc: fatal error: no input files
compilation terminated.
configure:3304: $? = 1
configure:3324: checking whether the C compiler works
configure:3346: gcc    conftest.c  >&5
configure:3350: $? = 0
configure:3398: result: yes
configure:3401: checking for C compiler default output file name
configure:3403: result: a.out
configure:3409: checking for suffix of executables
configure:3416: gcc -o conftest    conftest.c  >&5
configure:3420: $? = 0
configure:3442: result: 
configure:3464: checking whether we are cross compiling
configure:3472: gcc -o conftest    conftest.c  >&5
configure:3476: $? = 0
configure:3483: ./conftest
configure:3487: $? = 0
configure:3502: result: no
configure:3507: checking for suffix of object files
configure:3529: gcc -c   conftest.c >&5
configure:3533: $? = 0
configure:3554: result: o
configure:3558: checking whether we are using the GNU C compiler
configure:3577: gcc -c   conftest.c >&5
configure:3577: $? = 0
configure:3586: result: yes
configure:3595: checking whether gcc accepts -g
configure:3615: gcc -c -g  conftest.c >&5
configure:3615: $? = 0
configure:3656: result: yes
configure:3673: checking for gcc option to accept ISO C89
configure:3736: gcc  -c -g -O2  conftest.c >&5
configure:3736: $? = 0
configure:3749: result: none needed
configure:3780: checking for style of include used by make
configure:3808: result: GNU
configure:3834: checking dependency style of gcc
configure:3945: result: gcc3
configure:4018: checking for g++
configure:4034: found /usr/bin/g++
configure:4045: result: g++
configure:4072: checking for C++ compiler version
configure:4081: g++ --version >&5
g++ (Ubuntu 11.4.0-1ubuntu1~22.04) 11.4.0
Copyright (C) 2021 Free Software Foundation, Inc.
This is free software; see the source for copying conditions.  There is NO
warranty; not even for MERCHANTABILITY or FITNESS FOR A PARTICULAR PURPOSE.

configure:4092: $? = 0
configure:4081: g++ -v >&5
Using built-in specs.
COLLECT_GCC=g++
COLLECT_LTO_WRAPPER=/usr/lib/gcc/x86_64-linux-gnu/11/lto-wrapper
OFFLOAD_TARGET_NAMES=nvptx-none:amdgcn-amdhsa
OFFLOAD_TARGET_DEFAULT=1
Target: x86_64-linux-gnu
Configured with: ../src/configure -v --with-pkgversion='Ubuntu 11.4.0-1ubuntu1~22.04' --with-bugurl=file:///usr/share/doc/gcc-11/README.Bugs --enable-languages=c,ada,c++,go,brig,d,fortran,objc,obj-c++,m2 --prefix=/usr --with-gcc-major-version-only --program-suffix=-11 --program-prefix=x86_64-linux-gnu- --enable-shared --enable-linker-build-id --libexecdir=/usr/lib --without-included-gettext --enable-threads=posix --libdir=/usr/lib --enable-nls --enable-bootstrap --enable-clocale=gnu --enable-libstdcxx-debug --enable-libstdcxx-time=yes --with-default-libstdcxx-abi=new --enable-gnu-unique-object --disable-vtable-verify --enable-plugin --enable-default-pie --with-system-zlib --enable-libphobos-checking=release --with-target-system-zlib=auto --enable-objc-gc=auto --enable-multiarch --disable-werror --enable-cet --with-arch-32=i686 --with-abi=m64 --with-multilib-list=m32,m64,mx32 --enable-multilib --with-tune=generic --enable-offload-targets=nvptx-none=/build/gcc-11-XeT9lY/gcc-11-11.4.0/debian/tmp-nvptx/usr,amdgcn-amdhsa=/build/gcc-11-XeT9lY/gcc-11-11.4.0/debian/tmp-gcn/usr --without-cuda-driver --enable-checking=release --build=x86_64-linux-gnu --host=x86_64-linux-gnu --target=x86_64-linux-gnu --with-build-config=bootstrap-lto-lean --enable-link-serialization=2
Thread model: posix
Supported LTO compression algorithms: zlib zstd
gcc version 11.4.0 (Ubuntu 11.4.0-1ubuntu1~22.04) 
... rest of stderr output deleted ...
configure:4092: $? = 0
configure:4081: g++ -V >&5
g++: error: unrecognized command-line option '-V'
g++: fatal error: no input files
compilation terminated.
configure:4092: $? = 1
configure:4081: g++ -qversion >&5
g++: error: unrecognized command-line option '-qversion'; did you mean '--version'?
g++: fatal error: no input files
compilation terminated.
configure:4092: $? = 1
configure:4096: checking whether we are using the GNU C++ compiler
configure:4115: g++ -c   conftest.cpp >&5
configure:4115: $? = 0
configure:4124: result: yes
configure:4133: checking whether g++ accepts -g
configure:4153: g++ -c -g  conftest.cpp >&5
configure:4153: $? = 0
configure:4194: result: yes
configure:4219: checking dependency style of g++
configure:4330: result: gcc3
configure:4345: checking whether make sets $(MAKE)
configure:4367: result: yes
configure:4377: checking whether gcc and cc understand -c and -o together
configure:4408: gcc -c conftest.c -o conftest2.o >&5
configure:4412: $? = 0
configure:4418: gcc -c conftest.c -o conftest2.o >&5
configure:4422: $? = 0
configure:4433: cc -c conftest.c >&5
configure:4437: $? = 0
configure:4445: cc -c conftest.c -o conftest2.o >&5
configure:4449: $? = 0
configure:4455: cc -c conftest.c -o conftest2.o >&5
configure:4459: $? = 0
configure:4477: result: yes
configure:4511: checking how to run the C preprocessor
configure:4542: gcc -E  conftest.c
configure:4542: $? = 0
configure:4556: gcc -E  conftest.c
conftest.c:11:10: fatal error: ac_nonexistent.h: No such file or directory
   11 | #include <ac_nonexistent.h>
      |          ^~~~~~~~~~~~~~~~~~
compilation terminated.
configure:4556: $? = 1
configure: failed program was:
| /* confdefs.h */
| #define PACKAGE_NAME "sort-merge-joins"
| #define PACKAGE_TARNAME "sort-merge-joins"
| #define PACKAGE_VERSION "1.4"
| #define PACKAGE_STRING "sort-merge-joins 1.4"
| #define PACKAGE_BUGREPORT "cagri.balkesen@inf.ethz.ch"
| #define PACKAGE_URL ""
| #define PACKAGE "sort-merge-joins"
| #define VERSION "1.4"
| /* end confdefs.h.  */
| #include <ac_nonexistent.h>
configure:4581: result: gcc -E
configure:4601: gcc -E  conftest.c
configure:4601: $? = 0
configure:4615: gcc -E  conftest.c
conftest.c:11:10: fatal error: ac_nonexistent.h: No such file or directory
   11 | #include <ac_nonexistent.h>
      |          ^~~~~~~~~~~~~~~~~~
compilation terminated.
configure:4615: $? = 1
configure: failed program was:
| /* confdefs.h */
| #define PACKAGE_NAME "sort-merge-joins"
| #define PACKAGE_TARNAME "sort-merge-joins"
| #define PACKAGE_VERSION "1.4"
| #define PACKAGE_STRING "sort-merge-joins 1.4"
| #define PACKAGE_BUGREPORT "cagri.balkesen@inf.ethz.ch"
| #define PACKAGE_URL ""
| #define PACKAGE "sort-merge-joins"
| #define VERSION "1.4"
| /* end confdefs.h.  */
| #include <ac_nonexistent.h>
configure:4644: checking for grep that handles long lines and -e
configure:4702: result: /usr/bin/grep
configure:4707: checking for egrep
configure:4769: result: /usr/bin/grep -E
configure:4774: checking for ANSI C header files
configure:4794: gcc -c -g -O2  conftest.c >&5
configure:4794: $? = 0
configure:4867: gcc -o conftest -g -O2   conftest.c  >&5
configure:4867: $? = 0
configure:4867: ./conftest
configure:4867: $? = 0
configure:4878: result: yes
configure:4891: checking for sys/types.h
configure:4891: gcc -c -g -O2  conftest.c >&5
configure:4891: $? = 0
configure:4891: result: yes
configure:4891: checking for sys/stat.h
configure:4891: gcc -c -g -O2  conftest.c >&5
configure:4891: $? = 0
configure:4891: result: yes
configure:4891: checking for stdlib.h
configure:4891: gcc -c -g -O2  conftest.c >&5
configure:4891: $? = 0
configure:4891: result: yes
configure:4891: checking for string.h
configure:4891: gcc -c -g -O2  conftest.c >&5
configure:4891: $? = 0
configure:4891: result: yes
configure:4891: checking for memory.h
configure:4891: gcc -c -g -O2  conftest.c >&5
configure:4891: $? = 0
configure:4891: result: yes
configure:4891: checking for strings.h
configure:4891: gcc -c -g -O2  conftest.c >&5
configure:4891: $? = 0
configure:4891: result: yes
configure:4891: checking for inttypes.h
configure:4891: gcc -c -g -O2  conftest.c >&5
configure:4891: $? = 0
configure:4891: result: yes
configure:4891: checking for stdint.h
configure:4891: gcc -c -g -O2  conftest.c >&5
configure:4891: $? = 0
configure:4891: result: yes
configure:4891: checking for unistd.h
configure:4891: gcc -c -g -O2  conftest.c >&5
configure:4891: $? = 0
configure:4891: result: yes
configure:4906: checking for stdint.h
configure:4906: result: yes
configure:4906: checking for stdlib.h
configure:4906: result: yes
configure:4906: checking for string.h
configure:4906: result: yes
configure:4906: checking sys/time.h usability
configure:4906: gcc -c -g -O2  conftest.c >&5
configure:4906: $? = 0
configure:4906: result: yes
configure:4906: checking sys/time.h presence
configure:4906: gcc -E  conftest.c
configure:4906: $? = 0
configure:4906: result: yes
configure:4906: checking for sys/time.h
configure:4906: result: yes
configure:4906: checking for unistd.h
configure:4906: result: yes
configure:4918: checking for inline
configure:4934: gcc -c -g -O2  conftest.c >&5
configure:4934: $? = 0
configure:4942: result: inline
configure:4960: checking for int16_t
configure:4960: gcc -c -g -O2  conftest.c >&5
configure:4960: $? = 0
configure:4960: gcc -c -g -O2  conftest.c >&5
conftest.c: In function 'main':
conftest.c:63:12: error: size of array 'test_array' is negative
   63 | static int test_array [1 - 2 * !((int16_t) (((((int16_t) 1 << N) << N) - 1) * 2 + 1)
      |            ^~~~~~~~~~
configure:4960: $? = 1
configure: failed program was:
| /* confdefs.h */
| #define PACKAGE_NAME "sort-merge-joins"
| #define PACKAGE_TARNAME "sort-merge-joins"
| #define PACKAGE_VERSION "1.4"
| #define PACKAGE_STRING "sort-merge-joins 1.4"
| #define PACKAGE_BUGREPORT "cagri.balkesen@inf.ethz.ch"
| #define PACKAGE_URL ""
| #define PACKAGE "sort-merge-joins"
| #define VERSION "1.4"
| #define STDC_HEADERS 1
| #define HAVE_SYS_TYPES_H 1
| #define HAVE_SYS_STAT_H 1
| #define HAVE_STDLIB_H 1
| #define HAVE_STRING_H 1
| #define HAVE_MEMORY_H 1
| #define HAVE_STRINGS_H 1
| #define HAVE_INTTYPES_H 1
| #define HAVE_STDINT_H 1
| #define HAVE_UNISTD_H 1
| #define HAVE_STDINT_H 1
| #define HAVE_STDLIB_H 1
| #define HAVE_STRING_H 1
| #define HAVE_SYS_TIME_H 1
| #define HAVE_UNISTD_H 1
| /* end confdefs.h.  */
| #include <stdio.h>
| #ifdef HAVE_SYS_TYPES_H
| # include <sys/types.h>
| #endif
| #ifdef HAVE_SYS_STAT_H
| # include <sys/stat.h>
| #endif
| #ifdef STDC_HEADERS
| # include <stdlib.h>
| # include <stddef.h>
| #else
| # ifdef HAVE_STDLIB_H
| #  include <stdlib.h>
| # endif
| #endif
| #ifdef HAVE_STRING_H
| # if !defined STDC_HEADERS && defined HAVE_MEMORY_H
| #  include <memory.h>
| # endif
| # include <string.h>
| #endif
| #ifdef HAVE_STRINGS_H
| # include <strings.h>
| #endif
| #ifdef HAVE_INTTYPES_H
| # include <inttypes.h>
| #endif
| #ifdef HAVE_STDINT_H
| # include <stdint.h>
| #endif
| #ifdef HAVE_UNISTD_H
| # include <unistd.h>
| #endif
| 	        enum { N = 16 / 2 - 1 };
| int
| main ()
| {
| static int test_array [1 - 2 * !((int16_t) (((((int16_t) 1 << N) << N) - 1) * 2 + 1)
| 		 < (int16_t) (((((int16_t) 1 << N) << N) - 1) * 2 + 2))];
| test_array [0] = 0;
| return test_array [0];
| 
|   ;
|   return 0;
| }
configure:4960: result: yes
configure:4971: checking for int32_t
configure:4971: gcc -c -g -O2  conftest.c >&5
configure:4971: $? = 0
configure:4971: gcc -c -g -O2  conftest.c >&5
conftest.c: In function 'main':
conftest.c:64:67: warning: integer overflow in expression of type 'int' results in '-2147483648' [-Woverflow]
   64 |                  < (int32_t) (((((int32_t) 1 << N) << N) - 1) * 2 + 2))];
      |                                                                   ^
conftest.c:63:12: error: storage size of 'test_array' isn't constant
   63 | static int test_array [1 - 2 * !((int32_t) (((((int32_t) 1 << N) << N) - 1) * 2 + 1)
      |            ^~~~~~~~~~
configure:4971: $? = 1
configure: failed program was:
| /* confdefs.h */
| #define PACKAGE_NAME "sort-merge-joins"
| #define PACKAGE_TARNAME "sort-merge-joins"
| #define PACKAGE_VERSION "1.4"
| #define PACKAGE_STRING "sort-merge-joins 1.4"
| #define PACKAGE_BUGREPORT "cagri.balkesen@inf.ethz.ch"
| #define PACKAGE_URL ""
| #define PACKAGE "sort-merge-joins"
| #define VERSION "1.4"
| #define STDC_HEADERS 1
| #define HAVE_SYS_TYPES_H 1
| #define HAVE_SYS_STAT_H 1
| #define HAVE_STDLIB_H 1
| #define HAVE_STRING_H 1
| #define HAVE_MEMORY_H 1
| #define HAVE_STRINGS_H 1
| #define HAVE_INTTYPES_H 1
| #define HAVE_STDINT_H 1
| #define HAVE_UNISTD_H 1
| #define HAVE_STDINT_H 1
| #define HAVE_STDLIB_H 1
| #define HAVE_STRING_H 1
| #define HAVE_SYS_TIME_H 1
| #define HAVE_UNISTD_H 1
| /* end confdefs.h.  */
| #include <stdio.h>
| #ifdef HAVE_SYS_TYPES_H
| # include <sys/types.h>
| #endif
| #ifdef HAVE_SYS_STAT_H
| # include <sys/stat.h>
| #endif
| #ifdef STDC_HEADERS
| # include <stdlib.h>
| # include <stddef.h>
| #else
| # ifdef HAVE_STDLIB_H
| #  include <stdlib.h>
| # endif
| #endif
| #ifdef HAVE_STRING_H
| # if !defined STDC_HEADERS && defined HAVE_MEMORY_H
| #  include <memory.h>
| # endif
| # include <string.h>
| #endif
| #ifdef HAVE_STRINGS_H
| # include <strings.h>
| #endif
| #ifdef HAVE_INTTYPES_H
| # include <inttypes.h>
| #endif
| #ifdef HAVE_STDINT_H
| # include <stdint.h>
| #endif
| #ifdef HAVE_UNISTD_H
| # include <unistd.h>
| #endif
| 	        enum { N = 32 / 2 - 1 };
| int
| main ()
| {
| static int test_array [1 - 2 * !((int32_t) (((((int32_t) 1 << N) << N) - 1) * 2 + 1)
| 		 < (int32_t) (((((int32_t) 1 << N) << N) - 1) * 2 + 2))];
| test_array [0] = 0;
| return test_array [0];
| 
|   ;
|   return 0;
| }
configure:4971: result: yes
configure:4982: checking for int64_t
configure:4982: gcc -c -g -O2  conftest.c >&5
configure:4982: $? = 0
configure:4982: gcc -c -g -O2  conftest.c >&5
conftest.c: In function 'main':
conftest.c:64:67: warning: integer overflow in expression of type 'long int' results in '-9223372036854775808' [-Woverflow]
   64 |                  < (int64_t) (((((int64_t) 1 << N) << N) - 1) * 2 + 2))];
      |                                                                   ^
conftest.c:63:12: error: storage size of 'test_array' isn't constant
   63 | static int test_array [1 - 2 * !((int64_t) (((((int64_t) 1 << N) << N) - 1) * 2 + 1)
      |            ^~~~~~~~~~
configure:4982: $? = 1
configure: failed program was:
| /* confdefs.h */
| #define PACKAGE_NAME "sort-merge-joins"
| #define PACKAGE_TARNAME "sort-merge-joins"
| #define PACKAGE_VERSION "1.4"
| #define PACKAGE_STRING "sort-merge-joins 1.4"
| #define PACKAGE_BUGREPORT "cagri.balkesen@inf.ethz.ch"
| #define PACKAGE_URL ""
| #define PACKAGE "sort-merge-joins"
| #define VERSION "1.4"
| #define STDC_HEADERS 1
| #define HAVE_SYS_TYPES_H 1
| #define HAVE_SYS_STAT_H 1
| #define HAVE_STDLIB_H 1
| #define HAVE_STRING_H 1
| #define HAVE_MEMORY_H 1
| #define HAVE_STRINGS_H 1
| #define HAVE_INTTYPES_H 1
| #define HAVE_STDINT_H 1
| #define HAVE_UNISTD_H 1
| #define HAVE_STDINT_H 1
| #define HAVE_STDLIB_H 1
| #define HAVE_STRING_H 1
| #define HAVE_SYS_TIME_H 1
| #define HAVE_UNISTD_H 1
| /* end confdefs.h.  */
| #include <stdio.h>
| #ifdef HAVE_SYS_TYPES_H
| # include <sys/types.h>
| #endif
| #ifdef HAVE_SYS_STAT_H
| # include <sys/stat.h>
| #endif
| #ifdef STDC_HEADERS
| # include <stdlib.h>
| # include <stddef.h>
| #else
| # ifdef HAVE_STDLIB_H
| #  include <stdlib.h>
| # endif
| #endif
| #ifdef HAVE_STRING_H
| # if !defined STDC_HEADERS && defined HAVE_MEMORY_H
| #  include <memory.h>
| # endif
| # include <string.h>
| #endif
| #ifdef HAVE_STRINGS_H
| # include <strings.h>
| #endif
| #ifdef HAVE_INTTYPES_H
| # include <inttypes.h>
| #endif
| #ifdef HAVE_STDINT_H
| # include <stdint.h>
| #endif
| #ifdef HAVE_UNISTD_H
| # include <unistd.h>
| #endif
| 	        enum { N = 64 / 2 - 1 };
| int
| main ()
| {
| static int test_array [1 - 2 * !((int64_t) (((((int64_t) 1 << N) << N) - 1) * 2 + 1)
| 		 < (int64_t) (((((int64_t) 1 << N) << N) - 1) * 2 + 2))];
| test_array [0] = 0;
| return test_array [0];
| 
|   ;
|   return 0;
| }
configure:4982: result: yes
configure:4993: checking for C/C++ restrict keyword
configure:5018: gcc -c -g -O2  conftest.c >&5
configure:5018: $? = 0
configure:5026: result: __restrict
configure:5039: checking for size_t
configure:5039: gcc -c -g -O2  conftest.c >&5
configure:5039: $? = 0
configure:5039: gcc -c -g -O2  conftest.c >&5
conftest.c: In function 'main':
conftest.c:63:21: error: expected expression before ')' token
   63 | if (sizeof ((size_t)))
      |                     ^
configure:5039: $? = 1
configure: failed program was:
| /* confdefs.h */
| #define PACKAGE_NAME "sort-merge-joins"
| #define PACKAGE_TARNAME "sort-merge-joins"
| #define PACKAGE_VERSION "1.4"
| #define PACKAGE_STRING "sort-merge-joins 1.4"
| #define PACKAGE_BUGREPORT "cagri.balkesen@inf.ethz.ch"
| #define PACKAGE_URL ""
| #define PACKAGE "sort-merge-joins"
| #define VERSION "1.4"
| #define STDC_HEADERS 1
| #define HAVE_SYS_TYPES_H 1
| #define HAVE_SYS_STAT_H 1
| #define HAVE_STDLIB_H 1
| #define HAVE_STRING_H 1
| #define HAVE_MEMORY_H 1
| #define HAVE_STRINGS_H 1
| #define HAVE_INTTYPES_H 1
| #define HAVE_STDINT_H 1
| #define HAVE_UNISTD_H 1
| #define HAVE_STDINT_H 1
| #define HAVE_STDLIB_H 1
| #define HAVE_STRING_H 1
| #define HAVE_SYS_TIME_H 1
| #define HAVE_UNISTD_H 1
| #define restrict __restrict
| /* end confdefs.h.  */
| #include <stdio.h>
| #ifdef HAVE_SYS_TYPES_H
| # include <sys/types.h>
| #endif
| #ifdef HAVE_SYS_STAT_H
| # include <sys/stat.h>
| #endif
| #ifdef STDC_HEADERS
| # include <stdlib.h>
| # include <stddef.h>
| #else
| # ifdef HAVE_STDLIB_H
| #  include <stdlib.h>
| # endif
| #endif
| #ifdef HAVE_STRING_H
| # if !defined STDC_HEADERS && defined HAVE_MEMORY_H
| #  include <memory.h>
| # endif
| # include <string.h>
| #endif
| #ifdef HAVE_STRINGS_H
| # include <strings.h>
| #endif
| #ifdef HAVE_INTTYPES_H
| # include <inttypes.h>
| #endif
| #ifdef HAVE_STDINT_H
| # include <stdint.h>
| #endif
| #ifdef HAVE_UNISTD_H
| # include <unistd.h>
| #endif
| int
| main ()
| {
| if (sizeof ((size_t)))
| 	    return 0;
|   ;
|   return 0;
| }
configure:5039: result: yes
configure:5050: checking for uint32_t
configure:5050: gcc -c -g -O2  conftest.c >&5
configure:5050: $? = 0
configure:5050: result: yes
configure:5064: checking for uint64_t
configure:5064: gcc -c -g -O2  conftest.c >&5
configure:5064: $? = 0
configure:5064: result: yes
configure:5078: checking for uint8_t
configure:5078: gcc -c -g -O2  conftest.c >&5
configure:5078: $? = 0
configure:5078: result: yes
configure:5094: checking for pow in -lm
configure:5119: gcc -o conftest -g -O2   conftest.c -lm   >&5
conftest.c:34:6: warning: conflicting types for built-in function 'pow'; expected 'double(double,  double)' [-Wbuiltin-declaration-mismatch]
   34 | char pow ();
      |      ^~~
conftest.c:1:1: note: 'pow' is declared in header '<math.h>'
    1 | /* confdefs.h */
configure:5119: $? = 0
configure:5128: result: yes
configure:5144: checking for pthread_mutex_init in -lpthread
configure:5169: gcc -o conftest -g -O2   conftest.c -lpthread  -lm  >&5
configure:5169: $? = 0
configure:5178: result: yes
configure:5192: checking for numa_num_configured_nodes in -lnuma
configure:5217: gcc -o conftest -g -O2   conftest.c -lnuma  -lpthread -lm  >&5
configure:5217: $? = 0
configure:5226: result: yes
configure:5242: checking for error_at_line
configure:5258: gcc -o conftest -g -O2   conftest.c -lnuma -lpthread -lm  >&5
configure:5258: $? = 0
configure:5266: result: yes
configure:5279: checking for stdlib.h
configure:5279: result: yes
configure:5289: checking for GNU libc compatible malloc
configure:5313: gcc -o conftest -g -O2   conftest.c -lnuma -lpthread -lm  >&5
configure:5313: $? = 0
configure:5313: ./conftest
configure:5313: $? = 0
configure:5323: result: yes
configure:5347: checking for gettimeofday
configure:5347: gcc -o conftest -g -O2   conftest.c -lnuma -lpthread -lm  >&5
configure:5347: $? = 0
configure:5347: result: yes
configure:5347: checking for memset
configure:5347: gcc -o conftest -g -O2   conftest.c -lnuma -lpthread -lm  >&5
conftest.c:56:6: warning: conflicting types for built-in function 'memset'; expected 'void *(void *, int,  long unsigned int)' [-Wbuiltin-declaration-mismatch]
   56 | char memset ();
      |      ^~~~~~
conftest.c:44:1: note: 'memset' is declared in header '<string.h>'
   43 | # include <limits.h>
   44 | #else
configure:5347: $? = 0
configure:5347: result: yes
configure:5347: checking for pow
configure:5347: gcc -o conftest -g -O2   conftest.c -lnuma -lpthread -lm  >&5
conftest.c:57:6: warning: conflicting types for built-in function 'pow'; expected 'double(double,  double)' [-Wbuiltin-declaration-mismatch]
   57 | char pow ();
      |      ^~~
conftest.c:45:1: note: 'pow' is declared in header '<math.h>'
   44 | # include <limits.h>
   45 | #else
configure:5347: $? = 0
configure:5347: result: yes
configure:5359: checking for pthread_attr_setaffinity_np
configure:5359: gcc -o conftest -g -O2   conftest.c -lnuma -lpthread -lm  >&5
configure:5359: $? = 0
configure:5359: result: yes
configure:5359: checking for pthread_barrier_wait
configure:5359: gcc -o conftest -g -O2   conftest.c -lnuma -lpthread -lm  >&5
configure:5359: $? = 0
configure:5359: result: yes
configure:5479: WARNING: AM_PATH_CHECK() is deprecated
configure:5481: WARNING: use PKG_CHECK_MODULES([CHECK], [check >= 0.9.4]) instead
configure:5492: checking for check - version >= 0.9.12
configure:5568: gcc -c -g -O2   conftest.c >&5
conftest.c:70:10: fatal error: check.h: No such file or directory
   70 | #include <check.h>
      |          ^~~~~~~~~
compilation terminated.
configure:5568: $? = 1
configure: failed program was:
| /* confdefs.h */
| #define PACKAGE_NAME "sort-merge-joins"
| #define PACKAGE_TARNAME "sort-merge-joins"
| #define PACKAGE_VERSION "1.4"
| #define PACKAGE_STRING "sort-merge-joins 1.4"
| #define PACKAGE_BUGREPORT "cagri.balkesen@inf.ethz.ch"
| #define PACKAGE_URL ""
| #define PACKAGE "sort-merge-joins"
| #define VERSION "1.4"
| #define STDC_HEADERS 1
| #define HAVE_SYS_TYPES_H 1
| #define HAVE_SYS_STAT_H 1
| #define HAVE_STDLIB_H 1
| #define HAVE_STRING_H 1
| #define HAVE_MEMORY_H 1
| #define HAVE_STRINGS_H 1
| #define HAVE_INTTYPES_H 1
| #define HAVE_STDINT_H 1
| #define HAVE_UNISTD_H 1
| #define HAVE_STDINT_H 1
| #define HAVE_STDLIB_H 1
| #define HAVE_STRING_H 1
| #define HAVE_SYS_TIME_H 1
| #define HAVE_UNISTD_H 1
| #define restrict __restrict
| #define HAVE_LIBM 1
| #define HAVE_LIBPTHREAD 1
| #define HAVE_LIBNUMA 1
| #define HAVE_STDLIB_H 1
| #define HAVE_MALLOC 1
| #define HAVE_GETTIMEOFDAY 1
| #define HAVE_MEMSET 1
| #define HAVE_POW 1
| #define HAVE_PTHREAD_ATTR_SETAFFINITY_NP 1
| #define HAVE_PTHREAD_BARRIER_WAIT 1
| /* end confdefs.h.  */
| #include <stdio.h>
| #ifdef HAVE_SYS_TYPES_H
| # include <sys/types.h>
| #endif
| #ifdef HAVE_SYS_STAT_H
| # include <sys/stat.h>
| #endif
| #ifdef STDC_HEADERS
| # include <stdlib.h>
| # include <stddef.h>
| #else
| # ifdef HAVE_STDLIB_H
| #  include <stdlib.h>
| # endif
| #endif
| #ifdef HAVE_STRING_H
| # if !defined STDC_HEADERS && defined HAVE_MEMORY_H
| #  include <memory.h>
| # endif
| # include <string.h>
| #endif
| #ifdef HAVE_STRINGS_H
| # include <strings.h>
| #endif
| #ifdef HAVE_INTTYPES_H
| # include <inttypes.h>
| #endif
| #ifdef HAVE_STDINT_H
| # include <stdint.h>
| #endif
| #ifdef HAVE_UNISTD_H
| # include <unistd.h>
| #endif
| #include <check.h>
| 
| int main ()
| {
|   int major, minor, micro;
|   char *tmp_version;
| 
|   system ("touch conf.check-test");
| 
|   /* HP/UX 9 (%@#!) writes to sscanf strings */
|   tmp_version = strdup("0.9.12");
|   if (sscanf(tmp_version, "%d.%d.%d", &major, &minor, &micro) != 3) {
|      printf("%s, bad version string\n", "0.9.12");
|      return 1;
|    }
| 
|   if ((CHECK_MAJOR_VERSION != check_major_version) ||
|       (CHECK_MINOR_VERSION != check_minor_version) ||
|       (CHECK_MICRO_VERSION != check_micro_version))
|     {
|       printf("\n*** The check header file (version %d.%d.%d) does not match\n",
| 	     CHECK_MAJOR_VERSION, CHECK_MINOR_VERSION, CHECK_MICRO_VERSION);
|       printf("*** the check library (version %d.%d.%d).\n",
| 	     check_major_version, check_minor_version, check_micro_version);
|       return 1;
|     }
| 
|   if ((check_major_version > major) ||
|       ((check_major_version == major) && (check_minor_version > minor)) ||
|       ((check_major_version == major) && (check_minor_version == minor) && (check_micro_version >= micro)))
|     {
|       return 0;
|     }
|   else
|     {
|       printf("\n*** An old version of check (%d.%d.%d) was found.\n",
|              check_major_version, check_minor_version, check_micro_version);
|       printf("*** You need a version of check being at least %d.%d.%d.\n", major, minor, micro);
|       printf("***\n");
|       printf("*** If you have already installed a sufficiently new version, this error\n");
|       printf("*** probably means that the wrong copy of the check library and header\n");
|       printf("*** file is being found. Rerun configure with the --with-check=PATH option\n");
|       printf("*** to specify the prefix where the correct version was installed.\n");
|     }
| 
|   return 1;
| }
| 
configure:5583: result: no
configure:5607: gcc -o conftest -g -O2    conftest.c -lcheck -lnuma -lpthread -lm  >&5
conftest.c:41:10: fatal error: check.h: No such file or directory
   41 | #include <check.h>
      |          ^~~~~~~~~
compilation terminated.
configure:5607: $? = 1
configure: failed program was:
| /* confdefs.h */
| #define PACKAGE_NAME "sort-merge-joins"
| #define PACKAGE_TARNAME "sort-merge-joins"
| #define PACKAGE_VERSION "1.4"
| #define PACKAGE_STRING "sort-merge-joins 1.4"
| #define PACKAGE_BUGREPORT "cagri.balkesen@inf.ethz.ch"
| #define PACKAGE_URL ""
| #define PACKAGE "sort-merge-joins"
| #define VERSION "1.4"
| #define STDC_HEADERS 1
| #define HAVE_SYS_TYPES_H 1
| #define HAVE_SYS_STAT_H 1
| #define HAVE_STDLIB_H 1
| #define HAVE_STRING_H 1
| #define HAVE_MEMORY_H 1
| #define HAVE_STRINGS_H 1
| #define HAVE_INTTYPES_H 1
| #define HAVE_STDINT_H 1
| #define HAVE_UNISTD_H 1
| #define HAVE_STDINT_H 1
| #define HAVE_STDLIB_H 1
| #define HAVE_STRING_H 1
| #define HAVE_SYS_TIME_H 1
| #define HAVE_UNISTD_H 1
| #define restrict __restrict
| #define HAVE_LIBM 1
| #define HAVE_LIBPTHREAD 1
| #define HAVE_LIBNUMA 1
| #define HAVE_STDLIB_H 1
| #define HAVE_MALLOC 1
| #define HAVE_GETTIMEOFDAY 1
| #define HAVE_MEMSET 1
| #define HAVE_POW 1
| #define HAVE_PTHREAD_ATTR_SETAFFINITY_NP 1
| #define HAVE_PTHREAD_BARRIER_WAIT 1
| /* end confdefs.h.  */
| 
| #include <stdio.h>
| #include <stdlib.h>
| 
| #include <check.h>
| 
| int
| main ()
| {
| 
|   ;
|   return 0;
| }
configure:5631: WARNING: check is missing, unit tests with 'make check' will not compile and run.
configure:5747: checking that generated files are newer than configure
configure:5753: result: done
configure:5804: creating ./config.status

## ---------------------- ##
## Running config.status. ##
## ---------------------- ##

This file was extended by sort-merge-joins config.status 1.4, which was
generated by GNU Autoconf 2.69.  Invocation command line was

  CONFIG_FILES    = 
  CONFIG_HEADERS  = 
  CONFIG_LINKS    = 
  CONFIG_COMMANDS = 
  $ ./config.status 

on cds22

config.status:890: creating Makefile
config.status:890: creating src/Makefile
config.status:890: creating tests/Makefile
config.status:890: creating config.h
config.status:1071: config.h is unchanged
config.status:1119: executing depfiles commands

## ---------------- ##
## Cache variables. ##
## ---------------- ##

ac_cv_c_compiler_gnu=yes
ac_cv_c_inline=inline
ac_cv_c_int16_t=yes
ac_cv_c_int32_t=yes
ac_cv_c_int64_t=yes
ac_cv_c_restrict=__restrict
ac_cv_c_uint32_t=yes
ac_cv_c_uint64_t=yes
ac_cv_c_uint8_t=yes
ac_cv_cxx_compiler_gnu=yes
ac_cv_env_CCC_set=
ac_cv_env_CCC_value=
ac_cv_env_CC_set=
ac_cv_env_CC_value=
ac_cv_env_CFLAGS_set=
ac_cv_env_CFLAGS_value=
ac_cv_env_CPPFLAGS_set=
ac_cv_env_CPPFLAGS_value=
ac_cv_env_CPP_set=
ac_cv_env_CPP_value=
ac_cv_env_CXXFLAGS_set=
ac_cv_env_CXXFLAGS_value=
ac_cv_env_CXX_set=
ac_cv_env_CXX_value=
ac_cv_env_LDFLAGS_set=
ac_cv_env_LDFLAGS_value=
ac_cv_env_LIBS_set=
ac_cv_env_LIBS_value=
ac_cv_env_build_alias_set=
ac_cv_env_build_alias_value=
ac_cv_env_host_alias_set=
ac_cv_env_host_alias_value=
ac_cv_env_target_alias_set=
ac_cv_env_target_alias_value=
ac_cv_func_gettimeofday=yes
ac_cv_func_malloc_0_nonnull=yes
ac_cv_func_memset=yes
ac_cv_func_pow=yes
ac_cv_func_pthread_attr_setaffinity_np=yes
ac_cv_func_pthread_barrier_wait=yes
ac_cv_header_inttypes_h=yes
ac_cv_header_memory_h=yes
ac_cv_header_stdc=yes
ac_cv_header_stdint_h=yes
ac_cv_header_stdlib_h=yes
ac_cv_header_string_h=yes
ac_cv_header_strings_h=yes
ac_cv_header_sys_stat_h=yes
ac_cv_header_sys_time_h=yes
ac_cv_header_sys_types_h=yes
ac_cv_header_unistd_h=yes
ac_cv_lib_error_at_line=yes
ac_cv_lib_m_pow=yes
ac_cv_lib_numa_numa_num_configured_nodes=yes
ac_cv_lib_pthread_pthread_mutex_init=yes
ac_cv_objext=o
ac_cv_path_EGREP='/usr/bin/grep -E'
ac_cv_path_GREP=/usr/bin/grep
ac_cv_path_install='/usr/bin/install -c'
ac_cv_path_mkdir=/usr/bin/mkdir
ac_cv_prog_AWK=gawk
ac_cv_prog_CPP='gcc -E'
ac_cv_prog_ac_ct_CC=gcc
ac_cv_prog_ac_ct_CXX=g++
ac_cv_prog_cc_c89=
ac_cv_prog_cc_g=yes
ac_cv_prog_cc_gcc_c_o=yes
ac_cv_prog_cxx_g=yes
ac_cv_prog_make_make_set=yes
ac_cv_type_size_t=yes
am_cv_CC_dependencies_compiler_type=gcc3
am_cv_CXX_dependencies_compiler_type=gcc3
am_cv_make_support_nested_variables=yes

## ----------------- ##
## Output variables. ##
## ----------------- ##

ACLOCAL='${SHELL} /home/wzj/memory-database/sort-merge-joins-1.4/missing aclocal-1.13'
AMDEPBACKSLASH='\'
AMDEP_FALSE='#'
AMDEP_TRUE=''
AMTAR='$${TAR-tar}'
AM_BACKSLASH='\'
AM_DEFAULT_V='$(AM_DEFAULT_VERBOSITY)'
AM_DEFAULT_VERBOSITY='1'
AM_V='$(V)'
AUTOCONF='${SHELL} /home/wzj/memory-database/sort-merge-joins-1.4/missing autoconf'
AUTOHEADER='${SHELL} /home/wzj/memory-database/sort-merge-joins-1.4/missing autoheader'
AUTOMAKE='${SHELL} /home/wzj/memory-database/sort-merge-joins-1.4/missing automake-1.13'
AWK='gawk'
CC='gcc'
CCDEPMODE='depmode=gcc3'
CFLAGS='-g -O2'
CHECK_CFLAGS=''
CHECK_LIBS=''
CPP='gcc -E'
CPPFLAGS=''
CXX='g++'
CXXDEPMODE='depmode=gcc3'
CXXFLAGS='-g -O2'
CYGPATH_W='echo'
DEBUG_FALSE=''
DEBUG_TRUE='#'
DEFS='-DHAVE_CONFIG_H'
DEPDIR='.deps'
ECHO_C=''
ECHO_N='-n'
ECHO_T=''
EGREP='/usr/bin/grep -E'
EXEEXT=''
GREP='/usr/bin/grep'
INSTALL_DATA='${INSTALL} -m 644'
INSTALL_PROGRAM='${INSTALL}'
INSTALL_SCRIPT='${INSTALL}'
INSTALL_STRIP_PROGRAM='$(install_sh) -c -s'
JOIN_MATERIALIZE_FALSE=''
JOIN_MATERIALIZE_TRUE='#'
KEY_8B_FALSE=''
KEY_8B_TRUE='#'
LDFLAGS=''
LIBOBJS=''
LIBS='-lnuma -lpthread -lm '
LTLIBOBJS=''
MAKEINFO='${SHELL} /home/wzj/memory-database/sort-merge-joins-1.4/missing makeinfo'
MKDIR_P='/usr/bin/mkdir -p'
NOTIMING_FALSE=''
NOTIMING_TRUE='#'
OBJEXT='o'
PACKAGE='sort-merge-joins'
PACKAGE_BUGREPORT='cagri.balkesen@inf.ethz.ch'
PACKAGE_NAME='sort-merge-joins'
PACKAGE_STRING='sort-merge-joins 1.4'
PACKAGE_TARNAME='sort-merge-joins'
PACKAGE_URL=''
PACKAGE_VERSION='1.4'
PATH_SEPARATOR=':'
PERF_COUNTERS_FALSE=''
PERF_COUNTERS_TRUE='#'
PERSIST_RELATIONS_FALSE=''
PERSIST_RELATIONS_TRUE='#'
SET_MAKE=''
SHELL='/bin/bash'
STRIP=''
VERSION='1.4'
ac_ct_CC='gcc'
ac_ct_CXX='g++'
am__EXEEXT_FALSE=''
am__EXEEXT_TRUE='#'
am__fastdepCC_FALSE='#'
am__fastdepCC_TRUE=''
am__fastdepCXX_FALSE='#'
am__fastdepCXX_TRUE=''
am__include='include'
am__isrc=''
am__leading_dot='.'
am__nodep='_no'
am__quote=''
am__tar='$${TAR-tar} chof - "$$tardir"'
am__untar='$${TAR-tar} xf -'
bindir='${exec_prefix}/bin'
build_alias=''
datadir='${datarootdir}'
datarootdir='${prefix}/share'
docdir='${datarootdir}/doc/${PACKAGE_TARNAME}'
dvidir='${docdir}'
exec_prefix='${prefix}'
host_alias=''
htmldir='${docdir}'
includedir='${prefix}/include'
infodir='${datarootdir}/info'
install_sh='${SHELL} /home/wzj/memory-database/sort-merge-joins-1.4/install-sh'
libdir='${exec_prefix}/lib'
libexecdir='${exec_prefix}/libexec'
localedir='${datarootdir}/locale'
localstatedir='${prefix}/var'
mandir='${datarootdir}/man'
mkdir_p='$(MKDIR_P)'
oldincludedir='/usr/include'
pdfdir='${docdir}'
prefix='/usr/local'
program_transform_name='s,x,x,'
psdir='${docdir}'
sbindir='${exec_prefix}/sbin'
sharedstatedir='${prefix}/com'
sysconfdir='${prefix}/etc'
target_alias=''

## ----------- ##
## confdefs.h. ##
## ----------- ##

/* confdefs.h */
#define PACKAGE_NAME "sort-merge-joins"
#define PACKAGE_TARNAME "sort-merge-joins"
#define PACKAGE_VERSION "1.4"
#define PACKAGE_STRING "sort-merge-joins 1.4"
#define PACKAGE_BUGREPORT "cagri.balkesen@inf.ethz.ch"
#define PACKAGE_URL ""
#define PACKAGE "sort-merge-joins"
#define VERSION "1.4"
#define STDC_HEADERS 1
#define HAVE_SYS_TYPES_H 1
#define HAVE_SYS_STAT_H 1
#define HAVE_STDLIB_H 1
#define HAVE_STRING_H 1
#define HAVE_MEMORY_H 1
#define HAVE_STRINGS_H 1
#define HAVE_INTTYPES_H 1
#define HAVE_STDINT_H 1
#define HAVE_UNISTD_H 1
#define HAVE_STDINT_H 1
#define HAVE_STDLIB_H 1
#define HAVE_STRING_H 1
#define HAVE_SYS_TIME_H 1
#define HAVE_UNISTD_H 1
#define restrict __restrict
#define HAVE_LIBM 1
#define HAVE_LIBPTHREAD 1
#define HAVE_LIBNUMA 1
#define HAVE_STDLIB_H 1
#define HAVE_MALLOC 1
#define HAVE_GETTIMEOFDAY 1
#define HAVE_MEMSET 1
#define HAVE_POW 1
#define HAVE_PTHREAD_ATTR_SETAFFINITY_NP 1
#define HAVE_PTHREAD_BARRIER_WAIT 1

configure: exit 0
